<?xml version="1.0" encoding="UTF-8"?>
<!-- Generated by org.testng.reporters.JUnitReportReporter -->
<testsuite hostname="JIM-TI8227" name="testpack.testclass" tests="1" failures="0" timestamp="31 Oct 2015 07:21:52 GMT" time="0.020" errors="0">
  <testcase name="testmethod" time="0.020" classname="testpack.testclass"/>
</testsuite> <!-- testpack.testclass -->
